<?xml version="1.0" encoding="UTF-8"?>
<testng-results skipped="0" failed="0" ignored="0" total="1" passed="1">
  <reporter-output>
  </reporter-output>
  <suite name="Default suite" duration-ms="8169" started-at="2021-07-05T00:53:34 CDT" finished-at="2021-07-05T00:53:43 CDT">
    <groups>
    </groups>
    <test name="Default test" duration-ms="8169" started-at="2021-07-05T00:53:34 CDT" finished-at="2021-07-05T00:53:43 CDT">
      <class name="test.MonthDropdownTest">
        <test-method status="PASS" signature="openBrowser()[pri:0, instance:test.MonthDropdownTest@2833cc44]" name="openBrowser" is-config="true" duration-ms="2210" started-at="2021-07-05T00:53:34 CDT" finished-at="2021-07-05T00:53:37 CDT">
          <reporter-output>
          </reporter-output>
        </test-method> <!-- openBrowser -->
        <test-method status="PASS" signature="allMonthShouldBeInDropDown()[pri:0, instance:test.MonthDropdownTest@2833cc44]" name="allMonthShouldBeInDropDown" duration-ms="5235" started-at="2021-07-05T00:53:37 CDT" finished-at="2021-07-05T00:53:42 CDT">
          <reporter-output>
          </reporter-output>
        </test-method> <!-- allMonthShouldBeInDropDown -->
        <test-method status="PASS" signature="teardown()[pri:0, instance:test.MonthDropdownTest@2833cc44]" name="teardown" is-config="true" duration-ms="699" started-at="2021-07-05T00:53:42 CDT" finished-at="2021-07-05T00:53:43 CDT">
          <reporter-output>
          </reporter-output>
        </test-method> <!-- teardown -->
      </class> <!-- test.MonthDropdownTest -->
    </test> <!-- Default test -->
  </suite> <!-- Default suite -->
</testng-results>
